<?xml version="1.0" encoding="UTF-8"?>
<!-- Generated by org.testng.reporters.JUnitXMLReporter -->
<testsuite hostname="CDXN-IT031683" ignored="2" name="ProductionSanityTest" tests="1" failures="0" timestamp="30 May 2018 14:56:25 GMT" time="19.837" errors="0">
  <testcase name="testmodals" time="19.727" classname="launchpad.testcases.VSTS_11434"/>
  <testcase name="@AfterSuite afterSuite" time="0.0" classname="launchpad.testcases.BaseClass">
    <ignored/>
  </testcase> <!-- @AfterSuite afterSuite -->
  <testcase name="@BeforeSuite openbrowser" time="0.0" classname="launchpad.testcases.BaseClass">
    <ignored/>
  </testcase> <!-- @BeforeSuite openbrowser -->
</testsuite> <!-- ProductionSanityTest -->
